<?xml version="1.0" encoding="UTF-8"?>
<robot generator="Robot 7.3.2 (Python 3.9.6 on darwin)" generated="2025-12-03T01:52:28.877552" rpa="false" schemaversion="5">
<suite id="s1" name="Create Contract Month Period" source="/Users/north/Documents/Automation/North Showcase/TCFunctional/create_contract_month_period.robot">
<test id="s1-t1" name="Open Browser To Login URL" line="6">
<kw name="Open Browser To Login Page" owner="login_keyword">
<kw name="Open Browser" owner="SeleniumLibrary">
<msg time="2025-12-03T01:52:29.148145" level="INFO">Opening browser 'chrome' to base url 'https://catalog-mgr.mango-qa.siammakro.cloud/index.html'.</msg>
<arg>${URL}</arg>
<arg>${BROWSER}</arg>
<doc>Opens a new browser instance to the optional ``url``.</doc>
<status status="PASS" start="2025-12-03T01:52:29.147999" elapsed="3.075683"/>
</kw>
<kw name="Maximize Browser Window" owner="SeleniumLibrary">
<doc>Maximizes current browser window.</doc>
<status status="PASS" start="2025-12-03T01:52:32.228808" elapsed="1.355928"/>
</kw>
<kw name="Set Selenium Timeout" owner="SeleniumLibrary">
<arg>${TIMEOUT}</arg>
<doc>Sets the timeout that is used by various keywords.</doc>
<status status="PASS" start="2025-12-03T01:52:33.584910" elapsed="0.001269"/>
</kw>
<kw name="Log" owner="BuiltIn">
<msg time="2025-12-03T01:52:33.586439" level="INFO">Browser opened and navigated to login page.</msg>
<arg>Browser opened and navigated to login page.</arg>
<doc>Logs the given message with the given level.</doc>
<status status="PASS" start="2025-12-03T01:52:33.586317" elapsed="0.000170"/>
</kw>
<status status="PASS" start="2025-12-03T01:52:29.147287" elapsed="4.439297"/>
</kw>
<kw name="Input Credentials" owner="login_keyword">
<kw name="Wait Until Element Is Visible" owner="SeleniumLibrary">
<arg>xpath=//input[@class="form-control mx-name-loginIdTextBox1 form-input"]</arg>
<arg>${TIMEOUT}</arg>
<doc>Waits until the element ``locator`` is visible.</doc>
<status status="PASS" start="2025-12-03T01:52:33.587908" elapsed="1.296795"/>
</kw>
<kw name="Input Text" owner="SeleniumLibrary">
<msg time="2025-12-03T01:52:34.885308" level="INFO">Typing text 'seaccountstore1@email.com' into text field 'xpath=//input[@class="form-control mx-name-loginIdTextBox1 form-input"]'.</msg>
<arg>xpath=//input[@class="form-control mx-name-loginIdTextBox1 form-input"]</arg>
<arg>${username}</arg>
<doc>Types the given ``text`` into the text field identified by ``locator``.</doc>
<status status="PASS" start="2025-12-03T01:52:34.885043" elapsed="0.142449"/>
</kw>
<kw name="Input Text" owner="SeleniumLibrary">
<msg time="2025-12-03T01:52:35.027928" level="INFO">Typing text 'Test@123456789' into text field 'xpath=//input[@class="form-control mx-name-passwordTextBox1 form-input"]'.</msg>
<arg>xpath=//input[@class="form-control mx-name-passwordTextBox1 form-input"]</arg>
<arg>${password}</arg>
<doc>Types the given ``text`` into the text field identified by ``locator``.</doc>
<status status="PASS" start="2025-12-03T01:52:35.027720" elapsed="0.042065"/>
</kw>
<kw name="Log" owner="BuiltIn">
<msg time="2025-12-03T01:52:35.070100" level="INFO">Entered username and password.</msg>
<arg>Entered username and password.</arg>
<doc>Logs the given message with the given level.</doc>
<status status="PASS" start="2025-12-03T01:52:35.069979" elapsed="0.000157"/>
</kw>
<arg>${SE_USERNAME}</arg>
<arg>${PASSWORD}</arg>
<status status="PASS" start="2025-12-03T01:52:33.587014" elapsed="1.483178"/>
</kw>
<kw name="Click On The Sign In Button" owner="login_keyword">
<kw name="Wait Until Element Is Enabled" owner="SeleniumLibrary">
<arg>xpath=//button[@class="btn mx-button mx-name-signInButton1 sign-in btn-block btn-default"]</arg>
<arg>${TIMEOUT}</arg>
<doc>Waits until the element ``locator`` is enabled.</doc>
<status status="PASS" start="2025-12-03T01:52:35.070580" elapsed="0.015286"/>
</kw>
<kw name="Click Button" owner="SeleniumLibrary">
<msg time="2025-12-03T01:52:35.086220" level="INFO">Clicking button 'xpath=//button[@class="btn mx-button mx-name-signInButton1 sign-in btn-block btn-default"]'.</msg>
<arg>xpath=//button[@class="btn mx-button mx-name-signInButton1 sign-in btn-block btn-default"]</arg>
<doc>Clicks the button identified by ``locator``.</doc>
<status status="PASS" start="2025-12-03T01:52:35.086046" elapsed="0.041974"/>
</kw>
<kw name="Log" owner="BuiltIn">
<msg time="2025-12-03T01:52:35.128326" level="INFO">Submitted the login form.</msg>
<arg>Submitted the login form.</arg>
<doc>Logs the given message with the given level.</doc>
<status status="PASS" start="2025-12-03T01:52:35.128207" elapsed="0.000160"/>
</kw>
<status status="PASS" start="2025-12-03T01:52:35.070369" elapsed="0.058051"/>
</kw>
<kw name="Verify Successful Login" owner="login_keyword">
<kw name="Wait Until Element Is Enabled" owner="SeleniumLibrary">
<arg>xpath=//a[contains(@class,"mx-name-actionButton3")]</arg>
<arg>${TIMEOUT}</arg>
<doc>Waits until the element ``locator`` is enabled.</doc>
<status status="PASS" start="2025-12-03T01:52:35.128770" elapsed="1.078379"/>
</kw>
<kw name="Log" owner="BuiltIn">
<msg time="2025-12-03T01:52:36.207473" level="INFO">Login successful, dashboard page loaded.</msg>
<arg>Login successful, dashboard page loaded.</arg>
<doc>Logs the given message with the given level.</doc>
<status status="PASS" start="2025-12-03T01:52:36.207350" elapsed="0.000175"/>
</kw>
<kw name="Capture Page Screenshot" owner="SeleniumLibrary">
<msg time="2025-12-03T01:52:36.319970" level="INFO" html="true">&lt;/td&gt;&lt;/tr&gt;&lt;tr&gt;&lt;td colspan="3"&gt;&lt;a href="selenium-screenshot-140.png"&gt;&lt;img src="selenium-screenshot-140.png" width="800px"&gt;&lt;/a&gt;</msg>
<doc>Takes a screenshot of the current page and embeds it into a log file.</doc>
<status status="PASS" start="2025-12-03T01:52:36.207643" elapsed="0.112420"/>
</kw>
<kw name="Log" owner="BuiltIn">
<msg time="2025-12-03T01:52:36.320323" level="INFO">Screenshot captured after successful login.</msg>
<arg>Screenshot captured after successful login.</arg>
<doc>Logs the given message with the given level.</doc>
<status status="PASS" start="2025-12-03T01:52:36.320211" elapsed="0.000148"/>
</kw>
<status status="PASS" start="2025-12-03T01:52:35.128573" elapsed="1.191841"/>
</kw>
<kw name="Click on the Contract Price Button" owner="contract_price">
<kw name="Set Variable" owner="BuiltIn">
<msg time="2025-12-03T01:52:36.320905" level="INFO">${contract_price_button} = xpath=//*[@data-button-id="178.Catalog.Homepage.actionButton3"]</msg>
<var>${contract_price_button}</var>
<arg>xpath=//*[@data-button-id="178.Catalog.Homepage.actionButton3"]</arg>
<doc>Returns the given values which can then be assigned to a variables.</doc>
<status status="PASS" start="2025-12-03T01:52:36.320792" elapsed="0.000132"/>
</kw>
<kw name="Wait Until Page Contains Element" owner="SeleniumLibrary">
<arg>${contract_price_button}</arg>
<arg>${TIMEOUT}</arg>
<doc>Waits until the element ``locator`` appears on the current page.</doc>
<status status="PASS" start="2025-12-03T01:52:36.321021" elapsed="0.005315"/>
</kw>
<kw name="Wait Until Element Is Visible" owner="SeleniumLibrary">
<arg>${contract_price_button}</arg>
<arg>${TIMEOUT}</arg>
<doc>Waits until the element ``locator`` is visible.</doc>
<status status="PASS" start="2025-12-03T01:52:36.326489" elapsed="0.007627"/>
</kw>
<kw name="Click Element" owner="SeleniumLibrary">
<msg time="2025-12-03T01:52:36.334471" level="INFO">Clicking element 'xpath=//*[@data-button-id="178.Catalog.Homepage.actionButton3"]'.</msg>
<arg>${contract_price_button}</arg>
<doc>Click the element identified by ``locator``.</doc>
<status status="PASS" start="2025-12-03T01:52:36.334286" elapsed="0.033067"/>
</kw>
<status status="PASS" start="2025-12-03T01:52:36.320592" elapsed="0.046857"/>
</kw>
<kw name="Click on the Create Month Period Button" owner="contract_price">
<kw name="Set Variable" owner="BuiltIn">
<msg time="2025-12-03T01:52:36.367993" level="INFO">${contract_month_create_button} = xpath=//*[@data-button-id="200.Catalog.ContractPrice_Overview.actionButton10"]</msg>
<var>${contract_month_create_button}</var>
<arg>xpath=//*[@data-button-id="200.Catalog.ContractPrice_Overview.actionButton10"]</arg>
<doc>Returns the given values which can then be assigned to a variables.</doc>
<status status="PASS" start="2025-12-03T01:52:36.367868" elapsed="0.000148"/>
</kw>
<kw name="Wait Until Page Contains Element" owner="SeleniumLibrary">
<arg>${contract_month_create_button}</arg>
<arg>${TIMEOUT}</arg>
<doc>Waits until the element ``locator`` appears on the current page.</doc>
<status status="PASS" start="2025-12-03T01:52:36.368172" elapsed="0.650049"/>
</kw>
<kw name="Wait Until Element Is Visible" owner="SeleniumLibrary">
<arg>${contract_month_create_button}</arg>
<arg>${TIMEOUT}</arg>
<doc>Waits until the element ``locator`` is visible.</doc>
<status status="PASS" start="2025-12-03T01:52:37.018424" elapsed="0.008032"/>
</kw>
<kw name="Click Element" owner="SeleniumLibrary">
<msg time="2025-12-03T01:52:37.026853" level="INFO">Clicking element 'xpath=//*[@data-button-id="200.Catalog.ContractPrice_Overview.actionButton10"]'.</msg>
<arg>${contract_month_create_button}</arg>
<doc>Click the element identified by ``locator``.</doc>
<status status="PASS" start="2025-12-03T01:52:37.026646" elapsed="0.043264"/>
</kw>
<status status="PASS" start="2025-12-03T01:52:36.367644" elapsed="0.702414"/>
</kw>
<kw name="Input the Information to Create Month Period" owner="contract_price">
<kw name="Set Variable" owner="BuiltIn">
<msg time="2025-12-03T01:52:37.070791" level="INFO">${contract_type_locator} = xpath=//select[contains(@id,"PopupSidebar_ContractPeriod") and contains(@class,"form-control")]</msg>
<var>${contract_type_locator}</var>
<arg>xpath=//select[contains(@id,"PopupSidebar_ContractPeriod") and contains(@class,"form-control")]</arg>
<doc>Returns the given values which can then be assigned to a variables.</doc>
<status status="PASS" start="2025-12-03T01:52:37.070669" elapsed="0.000146"/>
</kw>
<kw name="Wait Until Page Contains Element" owner="SeleniumLibrary">
<arg>${contract_type_locator}</arg>
<arg>${TIMEOUT}</arg>
<doc>Waits until the element ``locator`` appears on the current page.</doc>
<status status="PASS" start="2025-12-03T01:52:37.070913" elapsed="0.632007"/>
</kw>
<kw name="Wait Until Element Is Visible" owner="SeleniumLibrary">
<arg>${contract_type_locator}</arg>
<arg>${TIMEOUT}</arg>
<doc>Waits until the element ``locator`` is visible.</doc>
<status status="PASS" start="2025-12-03T01:52:37.703134" elapsed="0.007333"/>
</kw>
<kw name="Click Element" owner="SeleniumLibrary">
<msg time="2025-12-03T01:52:37.710860" level="INFO">Clicking element 'xpath=//select[contains(@id,"PopupSidebar_ContractPeriod") and contains(@class,"form-control")]'.</msg>
<arg>${contract_type_locator}</arg>
<doc>Click the element identified by ``locator``.</doc>
<status status="PASS" start="2025-12-03T01:52:37.710651" elapsed="0.106653"/>
</kw>
<kw name="Select From List By Value" owner="SeleniumLibrary">
<msg time="2025-12-03T01:52:37.817973" level="INFO">Selecting options from selection list 'xpath=//select[contains(@id,"PopupSidebar_ContractPeriod") and contains(@class,"form-control")]' by value B2B.</msg>
<arg>${contract_type_locator}</arg>
<arg>B2B</arg>
<doc>Selects options from selection list ``locator`` by ``values``.</doc>
<status status="PASS" start="2025-12-03T01:52:37.817703" elapsed="0.018474"/>
</kw>
<kw name="Set Variable" owner="BuiltIn">
<msg time="2025-12-03T01:52:37.836498" level="INFO">${customer_dropdown} = xpath=//input[contains(@class,"widget-combobox-input")]</msg>
<var>${customer_dropdown}</var>
<arg>xpath=//input[contains(@class,"widget-combobox-input")]</arg>
<doc>Returns the given values which can then be assigned to a variables.</doc>
<status status="PASS" start="2025-12-03T01:52:37.836355" elapsed="0.000164"/>
</kw>
<kw name="Wait Until Page Contains Element" owner="SeleniumLibrary">
<arg>${customer_dropdown}</arg>
<doc>Waits until the element ``locator`` appears on the current page.</doc>
<status status="PASS" start="2025-12-03T01:52:37.836616" elapsed="0.004800"/>
</kw>
<kw name="Click Element" owner="SeleniumLibrary">
<msg time="2025-12-03T01:52:37.841737" level="INFO">Clicking element 'xpath=//input[contains(@class,"widget-combobox-input")]'.</msg>
<arg>${customer_dropdown}</arg>
<doc>Click the element identified by ``locator``.</doc>
<status status="PASS" start="2025-12-03T01:52:37.841558" elapsed="0.048064"/>
</kw>
<kw name="Wait Until Element Is Enabled" owner="SeleniumLibrary">
<arg>${customer_dropdown}</arg>
<doc>Waits until the element ``locator`` is enabled.</doc>
<status status="PASS" start="2025-12-03T01:52:37.889809" elapsed="0.010931"/>
</kw>
<kw name="Click Element" owner="SeleniumLibrary">
<msg time="2025-12-03T01:52:37.901090" level="INFO">Clicking element 'xpath=//input[contains(@class,"widget-combobox-input")]'.</msg>
<arg>${customer_dropdown}</arg>
<doc>Click the element identified by ``locator``.</doc>
<status status="PASS" start="2025-12-03T01:52:37.900901" elapsed="0.033946"/>
</kw>
<kw name="Input Text" owner="SeleniumLibrary">
<msg time="2025-12-03T01:52:37.935210" level="INFO">Typing text 'Taylor Swift' into text field 'xpath=//input[contains(@class,"widget-combobox-input")]'.</msg>
<arg>${customer_dropdown}</arg>
<arg>Taylor Swift</arg>
<doc>Types the given ``text`` into the text field identified by ``locator``.</doc>
<status status="PASS" start="2025-12-03T01:52:37.935025" elapsed="0.036381"/>
</kw>
<kw name="Sleep" owner="BuiltIn">
<msg time="2025-12-03T01:52:40.973117" level="INFO">Slept 3 seconds.</msg>
<arg>3s</arg>
<doc>Pauses the test executed for the given time.</doc>
<status status="PASS" start="2025-12-03T01:52:37.971592" elapsed="3.003055"/>
</kw>
<kw name="Press Key" owner="SeleniumLibrary">
<arg>${customer_dropdown}</arg>
<arg>ENTER</arg>
<doc>Simulates user pressing key on element identified by ``locator``.</doc>
<status status="PASS" start="2025-12-03T01:52:40.976189" elapsed="0.041927"/>
</kw>
<kw name="Sleep" owner="BuiltIn">
<msg time="2025-12-03T01:52:45.019891" level="INFO">Slept 4 seconds.</msg>
<arg>4s</arg>
<doc>Pauses the test executed for the given time.</doc>
<status status="PASS" start="2025-12-03T01:52:41.018402" elapsed="4.002175"/>
</kw>
<kw name="Set Variable" owner="BuiltIn">
<msg time="2025-12-03T01:52:45.022938" level="INFO">${contract_month} = December</msg>
<var>${contract_month}</var>
<arg>December</arg>
<doc>Returns the given values which can then be assigned to a variables.</doc>
<status status="PASS" start="2025-12-03T01:52:45.021867" elapsed="0.001151"/>
</kw>
<kw name="Set Variable" owner="BuiltIn">
<msg time="2025-12-03T01:52:45.023780" level="INFO">${contract_year} = 2025</msg>
<var>${contract_year}</var>
<arg>2025</arg>
<doc>Returns the given values which can then be assigned to a variables.</doc>
<status status="PASS" start="2025-12-03T01:52:45.023427" elapsed="0.000425"/>
</kw>
<kw name="Set Variable" owner="BuiltIn">
<msg time="2025-12-03T01:52:45.024670" level="INFO">${mmmm_yyyy} = ['December', '2025']</msg>
<var>${mmmm_yyyy}</var>
<arg>${contract_month}</arg>
<arg>${contract_year}</arg>
<doc>Returns the given values which can then be assigned to a variables.</doc>
<status status="PASS" start="2025-12-03T01:52:45.024218" elapsed="0.000664"/>
</kw>
<kw name="Set Variable" owner="BuiltIn">
<msg time="2025-12-03T01:52:45.025681" level="INFO">${date_input} = xpath=//*[@placeholder="MMMM yyyy"]</msg>
<var>${date_input}</var>
<arg>xpath=//*[@placeholder="MMMM yyyy"]</arg>
<doc>Returns the given values which can then be assigned to a variables.</doc>
<status status="PASS" start="2025-12-03T01:52:45.025183" elapsed="0.000619"/>
</kw>
<kw name="Click Element" owner="SeleniumLibrary">
<msg time="2025-12-03T01:52:45.027044" level="INFO">Clicking element 'xpath=//*[@placeholder="MMMM yyyy"]'.</msg>
<arg>${date_input}</arg>
<doc>Click the element identified by ``locator``.</doc>
<status status="PASS" start="2025-12-03T01:52:45.026378" elapsed="0.080137"/>
</kw>
<kw name="Input Text" owner="SeleniumLibrary">
<msg time="2025-12-03T01:52:45.106923" level="INFO">Typing text '['December', '2025']' into text field 'xpath=//*[@placeholder="MMMM yyyy"]'.</msg>
<arg>${date_input}</arg>
<arg>${mmmm_yyyy}</arg>
<doc>Types the given ``text`` into the text field identified by ``locator``.</doc>
<status status="PASS" start="2025-12-03T01:52:45.106703" elapsed="0.065507"/>
</kw>
<kw name="Sleep" owner="BuiltIn">
<msg time="2025-12-03T01:52:48.173935" level="INFO">Slept 3 seconds.</msg>
<arg>3s</arg>
<doc>Pauses the test executed for the given time.</doc>
<status status="PASS" start="2025-12-03T01:52:45.172793" elapsed="3.001395"/>
</kw>
<kw name="Set Variable" owner="BuiltIn">
<msg time="2025-12-03T01:52:48.175107" level="INFO">${create_button} = xpath=//*[@data-button-id="315.Catalog.PopupSidebar_ContractPeriod.actionButton7"]</msg>
<var>${create_button}</var>
<arg>xpath=//*[@data-button-id="315.Catalog.PopupSidebar_ContractPeriod.actionButton7"]</arg>
<doc>Returns the given values which can then be assigned to a variables.</doc>
<status status="PASS" start="2025-12-03T01:52:48.174655" elapsed="0.000526"/>
</kw>
<kw name="Wait Until Element Is Visible" owner="SeleniumLibrary">
<arg>${create_button}</arg>
<doc>Waits until the element ``locator`` is visible.</doc>
<status status="PASS" start="2025-12-03T01:52:48.175505" elapsed="0.020864"/>
</kw>
<kw name="Click Element" owner="SeleniumLibrary">
<msg time="2025-12-03T01:52:48.197098" level="INFO">Clicking element 'xpath=//*[@data-button-id="315.Catalog.PopupSidebar_ContractPeriod.actionButton7"]'.</msg>
<arg>${create_button}</arg>
<doc>Click the element identified by ``locator``.</doc>
<status status="PASS" start="2025-12-03T01:52:48.196726" elapsed="0.040083"/>
</kw>
<status status="PASS" start="2025-12-03T01:52:37.070401" elapsed="11.166542"/>
</kw>
<status status="PASS" start="2025-12-03T01:52:29.146854" elapsed="19.090316"/>
</test>
<status status="PASS" start="2025-12-03T01:52:28.878560" elapsed="19.359091"/>
</suite>
<statistics>
<total>
<stat pass="1" fail="0" skip="0">All Tests</stat>
</total>
<tag>
</tag>
<suite>
<stat name="Create Contract Month Period" id="s1" pass="1" fail="0" skip="0">Create Contract Month Period</stat>
</suite>
</statistics>
<errors>
</errors>
</robot>
